<?xml version="1.0" encoding="UTF-8"?>
<!-- Generated by org.testng.reporters.JUnitReportReporter -->
<testsuite hostname="TYC1121225" failures="0" tests="5" name="testNg.Demo1" time="0.014" errors="0" timestamp="2023-02-06T11:45:04 IST" skipped="0">
  <testcase classname="testNg.Demo1" name="test" time="0.002"/>
  <system-out/>
  <testcase classname="testNg.Demo1" name="test" time="0.003"/>
  <system-out/>
  <testcase classname="testNg.Demo1" name="test" time="0.003"/>
  <system-out/>
  <testcase classname="testNg.Demo1" name="test" time="0.003"/>
  <system-out/>
  <testcase classname="testNg.Demo1" name="test" time="0.003"/>
  <system-out/>
</testsuite> <!-- testNg.Demo1 -->
