<?xml version="1.0" encoding="UTF-8"?>
<!-- Generated by org.testng.reporters.JUnitReportReporter -->
<testsuite hostname="TYC1121225" failures="0" tests="3" name="testNg.DemoTest" time="0.006" errors="0" timestamp="2023-02-06T11:45:04 IST" skipped="0">
  <testcase classname="testNg.DemoTest" name="pyspiders" time="0.002"/>
  <system-out/>
  <testcase classname="testNg.DemoTest" name="jspiders" time="0.002"/>
  <system-out/>
  <testcase classname="testNg.DemoTest" name="qspiders" time="0.002"/>
  <system-out/>
</testsuite> <!-- testNg.DemoTest -->
