<?xml version="1.0" encoding="UTF-8"?>
<!-- Generated by org.testng.reporters.JUnitReportReporter -->
<testsuite hostname="TYC1121225" failures="0" tests="1" name="testNg.Demo9" time="10.295" errors="0" timestamp="2023-02-06T12:19:17 IST" skipped="0">
  <testcase classname="testNg.Demo9" name="test1" time="10.295"/>
  <system-out/>
</testsuite> <!-- testNg.Demo9 -->
