<?xml version="1.0" encoding="UTF-8"?>
<!-- Generated by org.testng.reporters.JUnitReportReporter -->
<testsuite hostname="TYC1121225" failures="0" tests="1" name="testNg.Demo7" time="0.017" errors="0" timestamp="2023-02-06T12:02:28 IST" skipped="0">
  <testcase classname="testNg.Demo7" name="test1" time="0.017"/>
  <system-out/>
</testsuite> <!-- testNg.Demo7 -->
