<?xml version="1.0" encoding="UTF-8"?>
<!-- Generated by org.testng.reporters.JUnitReportReporter -->
<testsuite hostname="TYC1121225" failures="0" tests="2" name="testNg.Demo3" time="0.002" errors="0" timestamp="2023-02-14T12:57:49 IST" skipped="1">
  <testcase classname="testNg.Demo3" name="qspiders" time="0.002"/>
  <system-out/>
  <testcase classname="testNg.Demo3" name="jspiders">
    <skipped/>
  </testcase> <!-- jspiders -->
  <system-out/>
</testsuite> <!-- testNg.Demo3 -->
